<?xml version="1.0" encoding="UTF-8"?><testsuite errors="0" failures="0" name="Login Flip" skipped="14" tests="14" time="0.71" timestamp="2020-09-10 07:33:00"><testcase name="01 - Login Pages Exist"><skipped/></testcase><testcase name="02 - User will redirected to Flip main page if flip main icon clicked"><skipped/></testcase><testcase name="03 - User will redirected to &quot;Sign Up&quot; page if button &quot;DAFTAR&quot; clicked"><skipped/></testcase><testcase name="04 - All hyperlink on Flip lgin pages exist"><skipped/></testcase><testcase name="05 - Success login with correct email and password"><skipped/></testcase><testcase name="06 - Failed login Flip due to wrong email and password"><skipped/></testcase><testcase name="07 - Failed login Flip more than 3 times"><skipped/></testcase></testsuite>